Arguments: 
  /Users/forward/.nvm/versions/node/v14.16.0/bin/node /Users/forward/.yarn/bin/yarn.js

PATH: 
  /usr/local/opt/postgresql@9.5/bin:/Users/forward/.nvm/versions/node/v14.16.0/bin:/Users/forward/.yarn/bin:/Users/forward/.config/yarn/global/node_modules/.bin:/Users/forward/.sdkman/candidates/springboot/current/bin:/Users/forward/.cargo/bin:/Library/Frameworks/Python.framework/Versions/3.7/bin:/usr/local/bin:/usr/bin:/bin:/usr/sbin:/sbin:/usr/local/mysql/bin:/Applications/VMware Fusion.app/Contents/Public:/Applications/Wireshark.app/Contents/MacOS:/Users/forward/.fzf/bin

Yarn version: 
  1.22.5

Node version: 
  14.16.0

Platform: 
  darwin x64

Trace: 
  Error: https://registry.npmjs.org/@popperjs%2fcore: ETIMEDOUT
      at Timeout._onTimeout (/Users/forward/.yarn/lib/cli.js:141409:19)
      at listOnTimeout (internal/timers.js:554:17)
      at processTimers (internal/timers.js:497:7)

npm manifest: 
  {
    "name": "treelabs-ui",
    "version": "0.1.0",
    "description": "Set of UI components for TreeLabs projects",
    "main": "dist/index.cjs.js",
    "module": "dist/index.esm.js",
    "types": "dist/index.d.ts",
    "files": [
      "dist"
    ],
    "repository": {
      "type": "git",
      "url": "git+https://github.com/lrmuyi/treelabs-ui.git"
    },
    "bugs": {
      "url": "https://github.com/lrmuyi/treelabs-ui/issues"
    },
    "homepage": "https://github.com/lrmuyi/treelabs-ui#readme",
    "license": "MIT",
    "scripts": {
      "start": "yarn storybook",
      "build": "rm -rf ./dist && rollup -c && tsc -d --emitDeclarationOnly --declarationDir dist",
      "lint": "eslint 'src/**/*.{js,jsx,ts,tsx}'",
      "format:check": "prettier --check --loglevel error 'src/**/*.{js,jsx,ts,tsx}'",
      "format:write": "prettier --write 'src/**/*.{js,jsx,ts,tsx}'",
      "storybook": "start-storybook -p 6006",
      "storybook:build": "build-storybook",
      "test": "jest",
      "prepublishOnly": "yarn build"
    },
    "jest": {
      "setupFilesAfterEnv": [
        "<rootDir>/src/setupTests.js"
      ]
    },
    "devDependencies": {
      "@testing-library/jest-dom": "^5.11.6",
      "@testing-library/react": "^11.2.5",
      "@types/react-dom": "^17.0.5",
      "jest-styled-components": "^7.0.3",
      "react": "^17.0.1",
      "react-dom": "^17.0.1",
      "react-router-dom": "^5.2.0",
      "styled-components": "^5.2.0"
    },
    "peerDependencies": {
      "react": "^17.0.2",
      "react-dom": "^17.0.2",
      "react-router-dom": "^5.2.0",
      "styled-components": "^5.2.3"
    },
    "dependencies": {
      "@popperjs/core": "^2.9.2",
      "@types/lodash": "^4.14.168",
      "@types/styled-system": "^5.1.10",
      "lodash": "^4.17.20",
      "react-popper": "^2.2.5",
      "react-transition-group": "^4.4.1",
      "styled-system": "^5.1.5"
    },
    "publishConfig": {
      "access": "public"
    }
  }

yarn manifest: 
  No manifest

Lockfile: 
  No lockfile
